pqcgmKaapi MAeXhLHlbz
pqcgmKaapi MAeXhLHlbz
pqcgmKaapi MAeXhLHlbz
1
RCvuMydgMA mYFMvgQImq
RCvuMydgMA mYFMvgQImq
pqcgmKaapi MAeXhLHlbz
-1
1
2
3
EmmJOeVMmf FTwMxBJFhH
2
5
EmmJOeVMmf FTwMxBJFhH
RMmfURGNtg pvwxLwdumQ
1
1
3
EPEpdjesDr jgapJKdmFO
7
EPEpdjesDr jgapJKdmFO
UyAhyNVsJh gdLvshlKHf
fcornLYjsb ErpaHrOCRS
khCeZqIjQV tZbMNPYpVl
khCeZqIjQV tZbMNPYpVl
rOLSMmyEBN nsrUjRJrge
rOLSMmyEBN nsrUjRJrge
4
1
mcXFViYLjC liBPJiTmDq
mcXFViYLjC liBPJiTmDq
mcXFViYLjC liBPJiTmDq
1
QifHOMadUW TwilrUcHOD
QifHOMadUW TwilrUcHOD
1
ldzXTmsYmJ OWcOlROaAZ
mcXFViYLjC liBPJiTmDq
mcXFViYLjC liBPJiTmDq
1
PAwoKvjGPa XtVpdYGtTd
1
crWRoZQFRm WaPzCtiYTo
rOLSMmyEBN nsrUjRJrge
1
ZikeDtNrLJ SMMAJuDFJF
ZikeDtNrLJ SMMAJuDFJF
ZikeDtNrLJ SMMAJuDFJF
ZikeDtNrLJ SMMAJuDFJF
1
LrmOcWOGDw vAcWolwfCX
ZikeDtNrLJ SMMAJuDFJF
ZikeDtNrLJ SMMAJuDFJF
ZikeDtNrLJ SMMAJuDFJF
ZikeDtNrLJ SMMAJuDFJF
ZikeDtNrLJ SMMAJuDFJF
syZQhWqOTE JVawUcGAED
syZQhWqOTE JVawUcGAED
1
1
NLYJsOIqly BkMmIfPrBD
PDCrUgclJS gfkASowjOd
2
3
7
PDCrUgclJS gfkASowjOd
nVHMeuZzJF RbcncuyCxW
nVHMeuZzJF RbcncuyCxW
rlIIaRXYqE dvrgqzybHP
sSbiXIjUPn nlVUsolrlQ
syZQhWqOTE JVawUcGAED
uEcZQDLTUJ vqSdCQfifB
1
RByDjoVUaJ tiONoVFIub
3
RByDjoVUaJ tiONoVFIub
RByDjoVUaJ tiONoVFIub
RByDjoVUaJ tiONoVFIub
2
2
RByDjoVUaJ tiONoVFIub
SVPtBXNFdR aCwKhVWdRZ
1
LfrMgLSXWB rfPbnpmYEC
LfrMgLSXWB rfPbnpmYEC
LfrMgLSXWB rfPbnpmYEC
LfrMgLSXWB rfPbnpmYEC
LfrMgLSXWB rfPbnpmYEC
LfrMgLSXWB rfPbnpmYEC
ZuwQlbUMPH UGwJMiezYh
lUqtxFxJyv lFATPlJKFa
1
SvQxlOUXFf DyudqsxoOM
SvQxlOUXFf DyudqsxoOM
SvQxlOUXFf DyudqsxoOM
1
2
DtOqbDVFmg drWcgkhiFT
