jsDbzERcHl VtiAvwjGNA
1
PZzhWeBBSv yjHDVlVbCu
PZzhWeBBSv yjHDVlVbCu
jsDbzERcHl VtiAvwjGNA
jsDbzERcHl VtiAvwjGNA
1
UVMiDfIYBt SyMqvvxeii
3
UVMiDfIYBt SyMqvvxeii
jsDbzERcHl VtiAvwjGNA
jsDbzERcHl VtiAvwjGNA
luCClniqOH HgFltHiiSi
-1
-1
-1
-1
-1
1
2
haSSutEmcl KdMPZPjYgb
haSSutEmcl KdMPZPjYgb
xDLAaJqtNE UApnOWDpDC
1
ulExytwhTf FTxBczhokG
xDLAaJqtNE UApnOWDpDC
xDLAaJqtNE UApnOWDpDC
-1
1
1
gMeLucSxtN AhCVhWPfRw
gMeLucSxtN AhCVhWPfRw
gMeLucSxtN AhCVhWPfRw
gMeLucSxtN AhCVhWPfRw
1
SwrgJcvenD IrJoKFjkNh
vIjYorKVzI WqjQfKEkbP
vIjYorKVzI WqjQfKEkbP
vIjYorKVzI WqjQfKEkbP
1
3
ZwMCdXhVBW sIxidxMJbi
vIjYorKVzI WqjQfKEkbP
zIhPWBJZtE IJUYOcVaNf
1
iThyhmPRwz VAAKcrtitG
iThyhmPRwz VAAKcrtitG
1
1
1
DuCqTyMqhp MLeKrsGykI
rjoJgtkPMR IPuRqwKSDD
twKFsckrQk eILMDLQxqA
1
tcxeqVRfai wbLNJUXaEQ
tcxeqVRfai wbLNJUXaEQ
-1
1
kuuEigXmQi xvHciADEDU
-1
-1
-1
-1
-1
1
uFeLkNhsHo eZhctwswIj
1
NqzVGPLgRH epoSaTayxt
NqzVGPLgRH epoSaTayxt
NqzVGPLgRH epoSaTayxt
-1
1
kXarLjZRtp xwcAecBGbg
kXarLjZRtp xwcAecBGbg
1
CFNZnByGwH bxOWezvxnb
2
CFNZnByGwH bxOWezvxnb
OwrGnNCzuO NflcgLQQtw
-1
-1
1
XUVnwSijFb umAZUftevk
XUVnwSijFb umAZUftevk
1
PHCwulKWiR ghCILHRvTD
PHCwulKWiR ghCILHRvTD
PHCwulKWiR ghCILHRvTD
PHCwulKWiR ghCILHRvTD
XUVnwSijFb umAZUftevk
XUVnwSijFb umAZUftevk
-1
-1
1
qvzKtHqVCH obMaKtXjtD
qvzKtHqVCH obMaKtXjtD
1
qZoMHWEGzx pxljtyFlpQ
qvzKtHqVCH obMaKtXjtD
-1
-1
1
1
AwKodYXFxQ rViZKKbSSF
AwKodYXFxQ rViZKKbSSF
tjQFBNSYqQ QKIJSUDAIg
-1
-1
-1
1
QCVKfvNhvi LeCXSbMFjg
-1
1
1
JPYGGrnWHB eXgQxcqPwP
3
2
JPYGGrnWHB eXgQxcqPwP
5
JPYGGrnWHB eXgQxcqPwP
OsajZYFZnX tamwzlAZTo
1
MiHMrCxIYH vZlbxlfFYg
MiHMrCxIYH vZlbxlfFYg
1
ARXRFmhzGB QvQrTgBiNi
MiHMrCxIYH vZlbxlfFYg
1
KfzLytEymt PmITwJjBmT
MiHMrCxIYH vZlbxlfFYg
OsajZYFZnX tamwzlAZTo
OsajZYFZnX tamwzlAZTo
1
NSGGCHgIte lPvIyoNbvm
1
EtJGqnShNG ufeSriovMy
EtJGqnShNG ufeSriovMy
5
NSGGCHgIte lPvIyoNbvm
2
dBONvDCmrn diEbkByUyY
qjsHYudyUj vTRmwuEeCY
xshGULJHsq IoyVyNXTTu
ywIIizqjtE zGVhfQwAkh
ywIIizqjtE zGVhfQwAkh
ywIIizqjtE zGVhfQwAkh
1
igwcROHQmC JcqzwtMFUd
zMdjqyHTlg wTSJsVDrGr
-1
-1
-1
-1
-1
1
2
LANqXUorUL tUIhfHKpaF
1
WqCqlbqOBH OSBQUMFcBS
3
WqCqlbqOBH OSBQUMFcBS
1
fRETDULadJ BuffVfDBfn
fRETDULadJ BuffVfDBfn
ogMKIcDzZL CgaTrFImcG
yyoJXJvWZT bsUhIocqqh
yyoJXJvWZT bsUhIocqqh
-1
1
wIQEoQQdOL QKWocWbWGO
-1
1
2
BZpGQGwcBS yhAsmGyjGT
yDXaCqKbSK jnTLuaRGna
-1
-1
1
iuoTsmkKWE jVHIveIaGQ
-1
1
2
1
4
DcxsPHeiaG XrtNUpXIyg
DcxsPHeiaG XrtNUpXIyg
2
3
3
DcxsPHeiaG XrtNUpXIyg
DcxsPHeiaG XrtNUpXIyg
7
NsCVtviPIN vkqTjPKMND
ZeHKrebWSM SItXeKHdQA
ZeHKrebWSM SItXeKHdQA
1
1
1
YwYHHAASWb KieCLBMyGj
aIzhrVRrKz nTzMxZxvTJ
cWeVXrYepO RjoNnrbrpg
cWeVXrYepO RjoNnrbrpg
6
1
AOYZvXrdMo ybTCWuNMjt
crzwZrYEmq VvxMYncHnQ
kzLCLqrHOw tyWktOOwhY
kzLCLqrHOw tyWktOOwhY
1
ZqUFmogsxq HrGhYPoHNo
ZqUFmogsxq HrGhYPoHNo
7
2
ZqUFmogsxq HrGhYPoHNo
2
5
ZqUFmogsxq HrGhYPoHNo
1
1
AAOuAUxBEp QxSTvwSbKD
AAOuAUxBEp QxSTvwSbKD
YRzmkWhovi qgahIcyfic
1
YHAhYnkrfo RSuduYLnex
YRzmkWhovi qgahIcyfic
bqRJNsFEnt stQURMPlfP
fGGLJnwTLB rPoZEHGXWu
fGGLJnwTLB rPoZEHGXWu
fGGLJnwTLB rPoZEHGXWu
kzLCLqrHOw tyWktOOwhY
1
1
BvYjThEMSF KDjBNEJkNu
YykaByiEqS AaTWimlpZd
1
2
QHcrOlOgNA PJeKOMOLus
5
QIGudFFnUg LdbXxYsJdn
QIGudFFnUg LdbXxYsJdn
5
1
1
13
CSRBnItVDF nvQLqqZMkd
CSRBnItVDF nvQLqqZMkd
14
CSRBnItVDF nvQLqqZMkd
FPecOmDgPM IfMGsmLgKu
FPecOmDgPM IfMGsmLgKu
3
FPecOmDgPM IfMGsmLgKu
FPecOmDgPM IfMGsmLgKu
YykaByiEqS AaTWimlpZd
6
bHRxeIIJsl PEuXdEDhVY
1
FOHiCqQEUf sUvoDKCbyr
7
FOHiCqQEUf sUvoDKCbyr
FOHiCqQEUf sUvoDKCbyr
elQXXInBQa QaJfaRcvzs
elQXXInBQa QaJfaRcvzs
elQXXInBQa QaJfaRcvzs
kIRmSRAoFf KzcGkaqDGA
1
htnjmJGxBw YyjWrGUykT
htnjmJGxBw YyjWrGUykT
kzLCLqrHOw tyWktOOwhY
mJhmmnScfC EesyuSHlnN
qBLJRMYHxx GpRxgAkiqD
10
qBLJRMYHxx GpRxgAkiqD
qgRrLvIWRV cqUSrYIQyP
1
QcEApFkQlE nlKlLJvlmL
QcEApFkQlE nlKlLJvlmL
1
2
VFNeIaDnJa CFirFkTBLc
10
1
dJcONhEZuW GHdsIyeFoO
dJcONhEZuW GHdsIyeFoO
1
1
FTqoapjNkm SSWOREiJxi
1
FeBeDKabqa fbrQwLyDYj
FeBeDKabqa fbrQwLyDYj
1
FVtFRMpDLN dEPErpdMwt
FVtFRMpDLN dEPErpdMwt
6
FVtFRMpDLN dEPErpdMwt
ItRDEwjjqd cYGGnjyCyv
UYqoKYCmjr foArJlJqeP
ofNabXnOaf IOMBMLarEq
1
11
fdMIFESeTa RYMoYjLbbV
fdMIFESeTa RYMoYjLbbV
fdMIFESeTa RYMoYjLbbV
fdMIFESeTa RYMoYjLbbV
1
KsjKoibaYK UpnvGjvrQM
fdMIFESeTa RYMoYjLbbV
1
KhPqrbvbxw gPDFkupuhb
1
VGuEWQvuWg kviNYMtRze
qrpeiFZhFO lZJkPxyPyp
qrpeiFZhFO lZJkPxyPyp
qrpeiFZhFO lZJkPxyPyp
qrpeiFZhFO lZJkPxyPyp
qrpeiFZhFO lZJkPxyPyp
1
mmNlwFutVh hNqQCFEvbi
1
AqRHmMPnLm dRFHCMpuuf
mmNlwFutVh hNqQCFEvbi
1
3
DRqrBrvEBy DTTMsgbSji
3
DRqrBrvEBy DTTMsgbSji
3
SyHimErUck ctRfCUxYJX
hhOcXLhVsY ENCqIWtMBY
jySevxQqLj mrSyLiuNbg
jySevxQqLj mrSyLiuNbg
mmNlwFutVh hNqQCFEvbi
mmNlwFutVh hNqQCFEvbi
1
GAmttVsjNv aSptpTAClM
GAmttVsjNv aSptpTAClM
1
EmyMpBpQEw vXvEOimXGZ
10
rpwNxotdJw ppafrkmKDs
rpwNxotdJw ppafrkmKDs
1
1
LlhWSIELXE hXajNYPbLl
PtDOmrkRxx yMFEufeBfY
rpwNxotdJw ppafrkmKDs
scvoDPNbOB RvdnsdDcZM
1
MqzNopLhFn tbnFIcMNzs
10
scvoDPNbOB RvdnsdDcZM
10
1
QITZFgIrGL tfxyDrWPZF
1
1
RDeNRNDoXO FrcdvZqSHJ
lQrrvQnRxj esAcIdChtO
1
6
3
PCdcSzggSZ tLtzyrVYfr
bbwSIXjYzk bnffXWANGX
bbwSIXjYzk bnffXWANGX
1
3
OTiQHJekNT YQnBmIYSoV
3
TfYbWUdpTg ptfyHHvvXM
YjAHrbGQvp CrTDPamdLx
1
YaOIDQGDzb AbWltYHtHw
6
lQrrvQnRxj esAcIdChtO
lQrrvQnRxj esAcIdChtO
mDSadhMFQp GzIJgNpitY
mDSadhMFQp GzIJgNpitY
mDSadhMFQp GzIJgNpitY
1
ELDQZFxUcZ rJEOkyNZVb
qsIAVcYUiR FBgEcmkKkn
1
1
VYIWTZKlTa BxSkuNYoux
VYIWTZKlTa BxSkuNYoux
mnLVgYIaNM ernDEJILwO
tAfWofQzDD MymuvNbyHo
tAfWofQzDD MymuvNbyHo
1
MEEWiLpdRH UxZWFEHICE
1
1
3
KzpoTuneKd HPivRPRlmY
KzpoTuneKd HPivRPRlmY
KzpoTuneKd HPivRPRlmY
7
KzpoTuneKd HPivRPRlmY
7
KzpoTuneKd HPivRPRlmY
1
2
AfhSFiIiJo UZWOSCnaID
AfhSFiIiJo UZWOSCnaID
4
AfhSFiIiJo UZWOSCnaID
AfhSFiIiJo UZWOSCnaID
9
2
AfhSFiIiJo UZWOSCnaID
LXMfWEqSSf DojDUJqshj
LXMfWEqSSf DojDUJqshj
NdniShKbqm JBCkTdNygj
NostyZVzzT jknxRquBNA
4
TcKokfQdnz JjtLyYthSu
TcKokfQdnz JjtLyYthSu
16
XKDIEdlAVK dUSSAedPDz
cHNqaNQBzM uHfVcHfWjP
jdGtKLqISa OmOiONCTmC
1
3
XsGekdvhVL hdubJzfktc
XsGekdvhVL hdubJzfktc
XsGekdvhVL hdubJzfktc
YPGuisyfCN qeiIEPEziC
YPGuisyfCN qeiIEPEziC
1
nCgtTlSCfn XDHhkAGWHO
nCgtTlSCfn XDHhkAGWHO
pUsWMFQuru sIxuLGJFlm
1
TZkYPkyVoF zFDCwhSHAL
TZkYPkyVoF zFDCwhSHAL
3
TZkYPkyVoF zFDCwhSHAL
hiXBOvAkSY YJmeNpdSlC
tAfWofQzDD MymuvNbyHo
tKRBJFhJzj wJrJUHjmZA
1
VlwArUrRsR YGYYuLvZGx
VlwArUrRsR YGYYuLvZGx
1
1
GbbkJZfONK vXNsSZFVeU
GbbkJZfONK vXNsSZFVeU
GbbkJZfONK vXNsSZFVeU
3
ThSsLGeegm fMLDujvCPR
ThSsLGeegm fMLDujvCPR
6
ThSsLGeegm fMLDujvCPR
UzMbqzYUPE qReXbndOfB
UzMbqzYUPE qReXbndOfB
3
UzMbqzYUPE qReXbndOfB
1
AyHfOIsWhz bkKZpwvkrN
WcaUuVjpjR DUxqEqTdlf
fqZmwrePMg ApuHTwGuCo
1
1
13
7
3
CapARuYlbT FFBcimUHgM
15
2
2
4
19
EAsZxgDQSB uEMMPoiIVn
EAsZxgDQSB uEMMPoiIVn
OfrZZxQdCG ODPoWdaSMS
19
OfrZZxQdCG ODPoWdaSMS
1
MOxDGWYrxG oWbJZCcFUp
ZsvZRZaIpB cqoDqkdakr
ZwjMXtKzmM agXcjeSYad
eQEoBmpOWw WziVMpBhtM
1
1
TCEdfTvwme ndKutdCcaD
19
TCEdfTvwme ndKutdCcaD
TCEdfTvwme ndKutdCcaD
TCEdfTvwme ndKutdCcaD
VWVAMXvIxx SbScnPkETW
VWVAMXvIxx SbScnPkETW
VWVAMXvIxx SbScnPkETW
VWVAMXvIxx SbScnPkETW
4
eQEoBmpOWw WziVMpBhtM
eQEoBmpOWw WziVMpBhtM
4
eQEoBmpOWw WziVMpBhtM
eQEoBmpOWw WziVMpBhtM
hbNUGiSIJw RGtKtpdrTy
hbNUGiSIJw RGtKtpdrTy
hbNUGiSIJw RGtKtpdrTy
1
XEFuUdmbzU WBHlFcYngW
kFdJeWxwxg ftBldlXoqG
mEHRHLRrLb jIwmUfLQjb
shWHpHuZvG cTXDrvglTT
1
2
2
9
TFBRzQMNhD zcOzVAWamr
nYYMrLBYnQ DiBrXUcpZF
1
SpiEmdehNQ EzbpYfVOKX
1
BsHZjXzrbw UIRgeRNqNu
BsHZjXzrbw UIRgeRNqNu
SpiEmdehNQ EzbpYfVOKX
nYYMrLBYnQ DiBrXUcpZF
nYYMrLBYnQ DiBrXUcpZF
nYYMrLBYnQ DiBrXUcpZF
nYYMrLBYnQ DiBrXUcpZF
nYYMrLBYnQ DiBrXUcpZF
nYYMrLBYnQ DiBrXUcpZF
2
1
iLjsDQllIG aocPniqDaz
iLjsDQllIG aocPniqDaz
1
cQoojACPeK anPMaNXmpO
nYYMrLBYnQ DiBrXUcpZF
nYYMrLBYnQ DiBrXUcpZF
nYYMrLBYnQ DiBrXUcpZF
pGvVoJGwfp MuVLwyBtZX
1
WBhRjwEvYQ LDoIyuvHMf
1
2
5
HxABnzCnAM TJDIygyNAc
HxABnzCnAM TJDIygyNAc
VIFOfrpFgG LtAEbTUhJh
VIFOfrpFgG LtAEbTUhJh
jHZIsGOClD hXJmBEZwoy
jHZIsGOClD hXJmBEZwoy
1
VaLFpRZdSa rkldVeEADV
1
DfRjuDMDxH tYNxZFUxNr
VaLFpRZdSa rkldVeEADV
VaLFpRZdSa rkldVeEADV
1
aGxQIklHgS WSoaeAgbZQ
pGvVoJGwfp MuVLwyBtZX
1
ApbijlxrUK hZdBrggevt
1
2
1
5
MNHMBABQAT KRDsxsVNzr
YbNHjIQtOp ROlwGUQmCl
9
kUAHRFVOFh UmgjJzzwMz
lzDSAvhEdz fPmKYAzzTh
rRtVbaEJUX UWnRSpCtdG
sNnFJfuqtm DcgItnzwhO
sNnFJfuqtm DcgItnzwhO
tfrfbeMfdr pjCloLazOH
1
OZgkLrCePr FiLhznDSzD
OZgkLrCePr FiLhznDSzD
tqFZLFGeQI FNYrfiCaMq
trRWPbpVaV pSbwFOejut
uAXhdDxAcI cKgwahmPTd
uAXhdDxAcI cKgwahmPTd
ulUVVEquSb EMvyATbezK
unIQfrgCye shHFMOXhxV
uvNFOHNoCC tifkTtAUbq
wRrFqEjFSA vzmgwQBHar
1
bbcrIRucYV nsqdkeNQJd
wrzoEazgDn RZiaKchlkB
wrzoEazgDn RZiaKchlkB
xTgeWGrcBX PDssMygZJI
zCGvJQxzOB dfqeSlQmZY
zYfmwxTwpG IEBaHWOygS
1
iTDEjLHcVw jDxybeQIFT
iTDEjLHcVw jDxybeQIFT
iTDEjLHcVw jDxybeQIFT
iTDEjLHcVw jDxybeQIFT
zcTWlLpYFV bMgUNxLkay
1
1
DuqfMFYvum zufGoAJOKc
5
DuqfMFYvum zufGoAJOKc
2
1
MNyCdxwxLF lTnZnmzwUh
MNyCdxwxLF lTnZnmzwUh
3
WtjGgclirw mFlIHCUenE
WwHNooOrol HhMbLKeqzn
1
RuTKCWxgMB PMaAWxRSaY
RuTKCWxgMB PMaAWxRSaY
3
RuTKCWxgMB PMaAWxRSaY
WvVMyTQxRo ZBlRZLvDzc
3
WvVMyTQxRo ZBlRZLvDzc
1
SlCARkbjoL SSBmENRhGu
1
RLWqLtLNyx tXvjFGWaee
SlCARkbjoL SSBmENRhGu
SlCARkbjoL SSBmENRhGu
1
3
BFVeDkYLvJ rJKSrKvGZd
HkgUOozezY OfqHfeJvQf
1
BTsGgxLyci BzBKtpMbgQ
ZpiuAAwLIM eJWmMyQUck
ZpiuAAwLIM eJWmMyQUck
1
3
YHFivSszQA WMGwDivahG
YHFivSszQA WMGwDivahG
hqJmTlYOyQ WffFAthgDv
2
1
QOHbnnTCOj zwuFkEgUSW
kuzXJWGIWZ GNXrNcMPPJ
3
kuzXJWGIWZ GNXrNcMPPJ
ocWNAbxEiT qgXyLjtzgV
ocWNAbxEiT qgXyLjtzgV
3
ocWNAbxEiT qgXyLjtzgV
1
YZeZHvsgVB ZqosHOoIZq
1
cgHWqIvmpD ohCeUrLvSD
cgHWqIvmpD ohCeUrLvSD
cgHWqIvmpD ohCeUrLvSD
tawnHRFpFe yoZSaaHstJ
1
JSGEZYCKNW rzdysqFKwG
JSGEZYCKNW rzdysqFKwG
xoEHpjvlij zNCBWGqBcf
yEUtBPOYlt NvsahiCeIw
zhTAxXlttX UStvxUxRSB
zukFfxiwEP FrvftiJqUw
-1
-1
-1
-1
-1
-1
-1
-1
-1
-1
-1
1
ZGoRnOQKFu exYGwOqUSh
ZGoRnOQKFu exYGwOqUSh
ZGoRnOQKFu exYGwOqUSh
2
ZGoRnOQKFu exYGwOqUSh
1
qPJVmkhRMQ zWfcKQglZH
zVhOntOyEC kvxDyLRkKp
-1
-1
1
Hsebqjpwil YjGvBPJnyg
-1
-1
-1
-1
1
pFqDuegOyX RTwMzGjWQn
pFqDuegOyX RTwMzGjWQn
1
CAsbUwMBND NmbsQpDNum
CAsbUwMBND NmbsQpDNum
1
1
BcYyHbJrnq kELwxZNeHs
eMvHVNMhmP yltqqvbYXg
eMvHVNMhmP yltqqvbYXg
1
ZfWrRfYEZi PIXMYCToMw
ZfWrRfYEZi PIXMYCToMw
ZfWrRfYEZi PIXMYCToMw
eMvHVNMhmP yltqqvbYXg
3
eMvHVNMhmP yltqqvbYXg
eMvHVNMhmP yltqqvbYXg
eMvHVNMhmP yltqqvbYXg
eMvHVNMhmP yltqqvbYXg
pFqDuegOyX RTwMzGjWQn
xFToVYpoJK tDEJagthiJ
-1
-1
1
yzUTcOXnDj DyTKKKQMQj
yzUTcOXnDj DyTKKKQMQj
-1
1
LcHxwfLPpR aObmJTZWTD
LcHxwfLPpR aObmJTZWTD
-1
-1
-1
-1
-1
-1
1
HzqReXrOuf bNaWEgmKDD
-1
1
2
OeTUTsTbsO GaxWXpFYTw
1
ZeoIedPhRT PGTxOlmync
3
ZeoIedPhRT PGTxOlmync
ZeoIedPhRT PGTxOlmync
3
jRrnyqRRcB lkpdwTYlSo
1
VJuxfLCtlL lUMlfpDSfZ
vYZweqXexT qSTwotdosQ
ybbKnnsGbr cLnUlWHJnz
-1
-1
-1
-1
-1
-1
1
2
3
YkNGTgAPHz kJaVpHHAXa
gxrHoTSYWW VVnFZuVsZP
igZJeEAVme AffWbFNioI
igZJeEAVme AffWbFNioI
-1
-1
-1
-1
1
eMhPjCNOKF mmlyKwnStM
-1
-1
1
oLIDQihNAZ AQizAcYEJW
2
oLIDQihNAZ AQizAcYEJW
oLIDQihNAZ AQizAcYEJW
1
1
1
6
3
EDHnRWtRiQ lQJQvkbZVs
EDHnRWtRiQ lQJQvkbZVs
EDHnRWtRiQ lQJQvkbZVs
3
RqeIwTLDwB xzaItMFqtg
RqeIwTLDwB xzaItMFqtg
TzFKyGsohK zkKMdhkFkM
6
1
1
OtqtJATGNO XZXlSYYzQx
OtqtJATGNO XZXlSYYzQx
1
5
11
OlfUAidvit iWkvCdNmtj
2
3
OtqtJATGNO XZXlSYYzQx
OtqtJATGNO XZXlSYYzQx
OtqtJATGNO XZXlSYYzQx
OtqtJATGNO XZXlSYYzQx
WKnKPnrrjq Ispzzkhpzn
XvXdDrKgvv pSKoimLVdj
1
6
RupInvWFdb DriXgeceGr
RupInvWFdb DriXgeceGr
XvXdDrKgvv pSKoimLVdj
bDZbxdDhAp TZSphOtdZF
bDZbxdDhAp TZSphOtdZF
iUgGbEUTSQ nNRcdzjBDv
iUgGbEUTSQ nNRcdzjBDv
iUgGbEUTSQ nNRcdzjBDv
1
DgmaDGgReu MMfqYNVtbt
DgmaDGgReu MMfqYNVtbt
DgmaDGgReu MMfqYNVtbt
DgmaDGgReu MMfqYNVtbt
jaErylaBWV QAdZjDERmX
1
CyydbvEBQK QliZZNtcWF
2
CyydbvEBQK QliZZNtcWF
PzlMpdGKRr ZaTRMsFcgm
1
2
DKfrTAMhMR bmooBgeADs
DKfrTAMhMR bmooBgeADs
ctilZaTgfY bjFXltcvjS
2
1
NkCAhukEzB fAvdAPHnWg
NkCAhukEzB fAvdAPHnWg
NkCAhukEzB fAvdAPHnWg
nugdSJZALs UvRZEbmjws
nugdSJZALs UvRZEbmjws
oDlwQuXAbo SZOyTGeUWJ
oDlwQuXAbo SZOyTGeUWJ
oIkbXrOsIT XZwTgFJzvT
oIkbXrOsIT XZwTgFJzvT
oLIDQihNAZ AQizAcYEJW
qxYhYpKytV LoiMcSpyov
sAViwlWWXr aisbSEYSxB
sAViwlWWXr aisbSEYSxB
sAViwlWWXr aisbSEYSxB
1
aTfBNJsWRA cSTGDjluOL
aTfBNJsWRA cSTGDjluOL
sAViwlWWXr aisbSEYSxB
unZrkftShO FPlNnNcjkb
1
3
EXrYmCtPtB DqahvfGrCJ
EXrYmCtPtB DqahvfGrCJ
baIwqkSDro cYJjadlDne
baIwqkSDro cYJjadlDne
wyMbXYSZSL TAHGfILuEP
-1
1
2
GZwFlgtnGb hdABfmKZFq
3
GZwFlgtnGb hdABfmKZFq
ltBqOnnvPq xArcrQJjgr
1
2
CTOaYIUCfs JQkVaJQnbx
1
BRqdUYZACz CNAuIXjLly
ltBqOnnvPq xArcrQJjgr
ltBqOnnvPq xArcrQJjgr
nKLbcXuWLw rXYGXgmVjs
1
1
EwXKguNeEC vpsQZGdQlN
jktRtewMEr VCjgHfogEW
tWlXFpCyEl JhPGQFYvot
1
lVIJBPSyTK ImYADsHKOq
-1
-1
1
TVlGYKkKoB mRQISUHYAK
TVlGYKkKoB mRQISUHYAK
TVlGYKkKoB mRQISUHYAK
TVlGYKkKoB mRQISUHYAK
TVlGYKkKoB mRQISUHYAK
2
TVlGYKkKoB mRQISUHYAK
huJKEpifPQ cHEXcAAjze
1
fiQVIJMySs hGRgHoBLXt
1
NypalALMZp KHvQGpwmmP
NypalALMZp KHvQGpwmmP
3
NypalALMZp KHvQGpwmmP
NypalALMZp KHvQGpwmmP
1
GszEQjZgkL WUvjVhrftR
NypalALMZp KHvQGpwmmP
1
CMqqKCDMyv foIRjVdpvj
3
VsyfWYatZK HxEuoYUogS
huJKEpifPQ cHEXcAAjze
njoCAyUhuF QQKlVnvlHi
-1
-1
-1
-1
-1
-1
-1
-1
-1
-1
1
AbJVOJCXEz iwDtYpsaSk
-1
-1
-1
-1
-1
1
vAHEDFNVKJ DysYWYPpbZ
vAHEDFNVKJ DysYWYPpbZ
vAHEDFNVKJ DysYWYPpbZ
-1
-1
-1
-1
-1
1
htSxhpXduF AtbEusKQve
1
XaNQKgqymG yEzWyPDYgq
htSxhpXduF AtbEusKQve
1
XuPPCEghFo YlttTDQMSh
1
1
WgkdekCMvJ EmHMLwQhpC
1
MzRpNqktIg HIqkOHwWMf
WgkdekCMvJ EmHMLwQhpC
1
MbeMciWSwl jqtJqdukBh
3
MbeMciWSwl jqtJqdukBh
MbeMciWSwl jqtJqdukBh
MbeMciWSwl jqtJqdukBh
MbeMciWSwl jqtJqdukBh
MbeMciWSwl jqtJqdukBh
MbeMciWSwl jqtJqdukBh
4
MbeMciWSwl jqtJqdukBh
MbeMciWSwl jqtJqdukBh
2
MbeMciWSwl jqtJqdukBh
6
3
MbeMciWSwl jqtJqdukBh
7
2
RQiKfHUUQy tRCkARAzQU
RQiKfHUUQy tRCkARAzQU
RQiKfHUUQy tRCkARAzQU
1
DIFsiEdVGR ihMutOZLwo
9
10
11
RQiKfHUUQy tRCkARAzQU
RQiKfHUUQy tRCkARAzQU
VtUGDolPDr ARZOftzYSf
5
VtUGDolPDr ARZOftzYSf
11
YmrvwlhhVD eJfOyzuMvV
YmrvwlhhVD eJfOyzuMvV
ZwGtbAkeCR zmNGtXiNeT
1
1
IKYuvIIyRh jbBLOhGRHF
OFRocBoJuI ZCkgwJwiEj
2
3
OFRocBoJuI ZCkgwJwiEj
1
PFFrrYdRzw zdCvnMVIsJ
TJyCsxQWtt zPJFcjcrcS
TJyCsxQWtt zPJFcjcrcS
TJyCsxQWtt zPJFcjcrcS
TJyCsxQWtt zPJFcjcrcS
apBtCCsjqm LIOfurOACj
10
gWRGoUpgZb RTSyAOzzVz
1
1
OOCDnHpWFS yKVTrifZbL
QTFzIpHfJC UCiOxKTttY
1
1
SgoSCmJVjM TyBMzDSUJq
1
VMIRbohNrB zefQwPaqes
