jsDbzERcHl VtiAvwjGNA
1
PZzhWeBBSv yjHDVlVbCu
PZzhWeBBSv yjHDVlVbCu
jsDbzERcHl VtiAvwjGNA
jsDbzERcHl VtiAvwjGNA
1
UVMiDfIYBt SyMqvvxeii
3
UVMiDfIYBt SyMqvvxeii
jsDbzERcHl VtiAvwjGNA
jsDbzERcHl VtiAvwjGNA
luCClniqOH HgFltHiiSi
-1
-1
-1
-1
-1
1
2
haSSutEmcl KdMPZPjYgb
haSSutEmcl KdMPZPjYgb
xDLAaJqtNE UApnOWDpDC
1
ulExytwhTf FTxBczhokG
xDLAaJqtNE UApnOWDpDC
xDLAaJqtNE UApnOWDpDC
-1
1
1
gMeLucSxtN AhCVhWPfRw
gMeLucSxtN AhCVhWPfRw
gMeLucSxtN AhCVhWPfRw
gMeLucSxtN AhCVhWPfRw
1
SwrgJcvenD IrJoKFjkNh
vIjYorKVzI WqjQfKEkbP
vIjYorKVzI WqjQfKEkbP
vIjYorKVzI WqjQfKEkbP
1
3
ZwMCdXhVBW sIxidxMJbi
vIjYorKVzI WqjQfKEkbP
zIhPWBJZtE IJUYOcVaNf
1
iThyhmPRwz VAAKcrtitG
iThyhmPRwz VAAKcrtitG
1
1
1
DuCqTyMqhp MLeKrsGykI
rjoJgtkPMR IPuRqwKSDD
twKFsckrQk eILMDLQxqA
1
tcxeqVRfai wbLNJUXaEQ
tcxeqVRfai wbLNJUXaEQ
-1
1
kuuEigXmQi xvHciADEDU
-1
-1
-1
-1
-1
1
uFeLkNhsHo eZhctwswIj
1
NqzVGPLgRH epoSaTayxt
NqzVGPLgRH epoSaTayxt
NqzVGPLgRH epoSaTayxt
-1
1
kXarLjZRtp xwcAecBGbg
kXarLjZRtp xwcAecBGbg
1
CFNZnByGwH bxOWezvxnb
2
CFNZnByGwH bxOWezvxnb
OwrGnNCzuO NflcgLQQtw
-1
-1
1
XUVnwSijFb umAZUftevk
XUVnwSijFb umAZUftevk
1
PHCwulKWiR ghCILHRvTD
PHCwulKWiR ghCILHRvTD
PHCwulKWiR ghCILHRvTD
PHCwulKWiR ghCILHRvTD
XUVnwSijFb umAZUftevk
XUVnwSijFb umAZUftevk
-1
-1
1
qvzKtHqVCH obMaKtXjtD
qvzKtHqVCH obMaKtXjtD
1
qZoMHWEGzx pxljtyFlpQ
qvzKtHqVCH obMaKtXjtD
-1
-1
1
1
AwKodYXFxQ rViZKKbSSF
AwKodYXFxQ rViZKKbSSF
tjQFBNSYqQ QKIJSUDAIg
-1
-1
-1
1
QCVKfvNhvi LeCXSbMFjg
-1
1
1
JPYGGrnWHB eXgQxcqPwP
3
2
JPYGGrnWHB eXgQxcqPwP
5
JPYGGrnWHB eXgQxcqPwP
OsajZYFZnX tamwzlAZTo
1
MiHMrCxIYH vZlbxlfFYg
MiHMrCxIYH vZlbxlfFYg
1
ARXRFmhzGB QvQrTgBiNi
MiHMrCxIYH vZlbxlfFYg
1
KfzLytEymt PmITwJjBmT
MiHMrCxIYH vZlbxlfFYg
dBONvDCmrn diEbkByUyY
dBONvDCmrn diEbkByUyY
1
NSGGCHgIte lPvIyoNbvm
1
EtJGqnShNG ufeSriovMy
EtJGqnShNG ufeSriovMy
5
OsajZYFZnX tamwzlAZTo
5
dBONvDCmrn diEbkByUyY
qjsHYudyUj vTRmwuEeCY
qjsHYudyUj vTRmwuEeCY
NSGGCHgIte lPvIyoNbvm
NSGGCHgIte lPvIyoNbvm
NSGGCHgIte lPvIyoNbvm
1
igwcROHQmC JcqzwtMFUd
zMdjqyHTlg wTSJsVDrGr
-1
-1
-1
-1
-1
1
2
LANqXUorUL tUIhfHKpaF
1
WqCqlbqOBH OSBQUMFcBS
3
WqCqlbqOBH OSBQUMFcBS
1
fRETDULadJ BuffVfDBfn
fRETDULadJ BuffVfDBfn
ogMKIcDzZL CgaTrFImcG
yyoJXJvWZT bsUhIocqqh
yyoJXJvWZT bsUhIocqqh
-1
1
wIQEoQQdOL QKWocWbWGO
-1
1
2
BZpGQGwcBS yhAsmGyjGT
yDXaCqKbSK jnTLuaRGna
-1
-1
1
iuoTsmkKWE jVHIveIaGQ
-1
1
2
1
4
DcxsPHeiaG XrtNUpXIyg
DcxsPHeiaG XrtNUpXIyg
2
3
3
DcxsPHeiaG XrtNUpXIyg
DcxsPHeiaG XrtNUpXIyg
7
NsCVtviPIN vkqTjPKMND
ZeHKrebWSM SItXeKHdQA
ZeHKrebWSM SItXeKHdQA
1
1
1
YwYHHAASWb KieCLBMyGj
cWeVXrYepO RjoNnrbrpg
YwYHHAASWb KieCLBMyGj
YwYHHAASWb KieCLBMyGj
6
1
AOYZvXrdMo ybTCWuNMjt
crzwZrYEmq VvxMYncHnQ
kzLCLqrHOw tyWktOOwhY
kzLCLqrHOw tyWktOOwhY
1
ZqUFmogsxq HrGhYPoHNo
ZqUFmogsxq HrGhYPoHNo
7
4
ZqUFmogsxq HrGhYPoHNo
4
5
ZqUFmogsxq HrGhYPoHNo
1
1
AAOuAUxBEp QxSTvwSbKD
AAOuAUxBEp QxSTvwSbKD
ZqUFmogsxq HrGhYPoHNo
1
YHAhYnkrfo RSuduYLnex
aIzhrVRrKz nTzMxZxvTJ
bqRJNsFEnt stQURMPlfP
aIzhrVRrKz nTzMxZxvTJ
aIzhrVRrKz nTzMxZxvTJ
aIzhrVRrKz nTzMxZxvTJ
fGGLJnwTLB rPoZEHGXWu
1
1
BvYjThEMSF KDjBNEJkNu
ZqUFmogsxq HrGhYPoHNo
1
2
QHcrOlOgNA PJeKOMOLus
10
YRzmkWhovi qgahIcyfic
YRzmkWhovi qgahIcyfic
10
1
1
13
CSRBnItVDF nvQLqqZMkd
CSRBnItVDF nvQLqqZMkd
14
CSRBnItVDF nvQLqqZMkd
FPecOmDgPM IfMGsmLgKu
FPecOmDgPM IfMGsmLgKu
3
FPecOmDgPM IfMGsmLgKu
FPecOmDgPM IfMGsmLgKu
YRzmkWhovi qgahIcyfic
13
bHRxeIIJsl PEuXdEDhVY
1
FOHiCqQEUf sUvoDKCbyr
7
FOHiCqQEUf sUvoDKCbyr
FOHiCqQEUf sUvoDKCbyr
fGGLJnwTLB rPoZEHGXWu
fGGLJnwTLB rPoZEHGXWu
fGGLJnwTLB rPoZEHGXWu
kIRmSRAoFf KzcGkaqDGA
1
htnjmJGxBw YyjWrGUykT
htnjmJGxBw YyjWrGUykT
kzLCLqrHOw tyWktOOwhY
ZqUFmogsxq HrGhYPoHNo
qBLJRMYHxx GpRxgAkiqD
10
qBLJRMYHxx GpRxgAkiqD
qgRrLvIWRV cqUSrYIQyP
1
QcEApFkQlE nlKlLJvlmL
QcEApFkQlE nlKlLJvlmL
1
10
VFNeIaDnJa CFirFkTBLc
10
11
ofNabXnOaf IOMBMLarEq
ofNabXnOaf IOMBMLarEq
1
1
FTqoapjNkm SSWOREiJxi
1
FeBeDKabqa fbrQwLyDYj
FeBeDKabqa fbrQwLyDYj
1
FVtFRMpDLN dEPErpdMwt
FVtFRMpDLN dEPErpdMwt
6
FVtFRMpDLN dEPErpdMwt
ItRDEwjjqd cYGGnjyCyv
mJhmmnScfC EesyuSHlnN
QIGudFFnUg LdbXxYsJdn
10
11
qBLJRMYHxx GpRxgAkiqD
qBLJRMYHxx GpRxgAkiqD
qBLJRMYHxx GpRxgAkiqD
qBLJRMYHxx GpRxgAkiqD
1
KsjKoibaYK UpnvGjvrQM
QIGudFFnUg LdbXxYsJdn
1
KhPqrbvbxw gPDFkupuhb
5
YykaByiEqS AaTWimlpZd
dJcONhEZuW GHdsIyeFoO
dJcONhEZuW GHdsIyeFoO
dJcONhEZuW GHdsIyeFoO
dJcONhEZuW GHdsIyeFoO
dJcONhEZuW GHdsIyeFoO
10
fdMIFESeTa RYMoYjLbbV
1
AqRHmMPnLm dRFHCMpuuf
VGuEWQvuWg kviNYMtRze
1
3
DRqrBrvEBy DTTMsgbSji
3
DRqrBrvEBy DTTMsgbSji
3
SyHimErUck ctRfCUxYJX
dJcONhEZuW GHdsIyeFoO
hhOcXLhVsY ENCqIWtMBY
hhOcXLhVsY ENCqIWtMBY
UYqoKYCmjr foArJlJqeP
UYqoKYCmjr foArJlJqeP
1
GAmttVsjNv aSptpTAClM
GAmttVsjNv aSptpTAClM
1
EmyMpBpQEw vXvEOimXGZ
10
GAmttVsjNv aSptpTAClM
GAmttVsjNv aSptpTAClM
2
3
GAmttVsjNv aSptpTAClM
EmyMpBpQEw vXvEOimXGZ
LlhWSIELXE hXajNYPbLl
jySevxQqLj mrSyLiuNbg
1
MqzNopLhFn tbnFIcMNzs
10
UYqoKYCmjr foArJlJqeP
10
11
qBLJRMYHxx GpRxgAkiqD
11
3
QITZFgIrGL tfxyDrWPZF
RDeNRNDoXO FrcdvZqSHJ
1
6
7
PCdcSzggSZ tLtzyrVYfr
RDeNRNDoXO FrcdvZqSHJ
RDeNRNDoXO FrcdvZqSHJ
1
3
OTiQHJekNT YQnBmIYSoV
7
TfYbWUdpTg ptfyHHvvXM
UYqoKYCmjr foArJlJqeP
1
YaOIDQGDzb AbWltYHtHw
13
YjAHrbGQvp CrTDPamdLx
YjAHrbGQvp CrTDPamdLx
bbwSIXjYzk bnffXWANGX
bbwSIXjYzk bnffXWANGX
bbwSIXjYzk bnffXWANGX
1
ELDQZFxUcZ rJEOkyNZVb
mDSadhMFQp GzIJgNpitY
11
1
VYIWTZKlTa BxSkuNYoux
VYIWTZKlTa BxSkuNYoux
lQrrvQnRxj esAcIdChtO
mnLVgYIaNM ernDEJILwO
mnLVgYIaNM ernDEJILwO
1
MEEWiLpdRH UxZWFEHICE
11
1
6
KzpoTuneKd HPivRPRlmY
KzpoTuneKd HPivRPRlmY
KzpoTuneKd HPivRPRlmY
7
KzpoTuneKd HPivRPRlmY
7
KzpoTuneKd HPivRPRlmY
1
2
AfhSFiIiJo UZWOSCnaID
AfhSFiIiJo UZWOSCnaID
4
AfhSFiIiJo UZWOSCnaID
AfhSFiIiJo UZWOSCnaID
9
2
AfhSFiIiJo UZWOSCnaID
NdniShKbqm JBCkTdNygj
NdniShKbqm JBCkTdNygj
NostyZVzzT jknxRquBNA
PtDOmrkRxx yMFEufeBfY
8
XKDIEdlAVK dUSSAedPDz
XKDIEdlAVK dUSSAedPDz
16
cHNqaNQBzM uHfVcHfWjP
mnLVgYIaNM ernDEJILwO
jdGtKLqISa OmOiONCTmC
1
3
XsGekdvhVL hdubJzfktc
XsGekdvhVL hdubJzfktc
XsGekdvhVL hdubJzfktc
YPGuisyfCN qeiIEPEziC
YPGuisyfCN qeiIEPEziC
1
nCgtTlSCfn XDHhkAGWHO
nCgtTlSCfn XDHhkAGWHO
tAfWofQzDD MymuvNbyHo
1
TZkYPkyVoF zFDCwhSHAL
TZkYPkyVoF zFDCwhSHAL
3
TZkYPkyVoF zFDCwhSHAL
hiXBOvAkSY YJmeNpdSlC
TcKokfQdnz JjtLyYthSu
qrpeiFZhFO lZJkPxyPyp
5
pUsWMFQuru sIxuLGJFlm
pUsWMFQuru sIxuLGJFlm
5
1
GbbkJZfONK vXNsSZFVeU
GbbkJZfONK vXNsSZFVeU
GbbkJZfONK vXNsSZFVeU
1
UzMbqzYUPE qReXbndOfB
UzMbqzYUPE qReXbndOfB
3
UzMbqzYUPE qReXbndOfB
fqZmwrePMg ApuHTwGuCo
fqZmwrePMg ApuHTwGuCo
1
WcaUuVjpjR DUxqEqTdlf
1
AyHfOIsWhz bkKZpwvkrN
fqZmwrePMg ApuHTwGuCo
qsIAVcYUiR FBgEcmkKkn
11
1
13
7
3
CapARuYlbT FFBcimUHgM
15
4
4
9
19
EAsZxgDQSB uEMMPoiIVn
EAsZxgDQSB uEMMPoiIVn
OfrZZxQdCG ODPoWdaSMS
19
OfrZZxQdCG ODPoWdaSMS
4
VlwArUrRsR YGYYuLvZGx
MOxDGWYrxG oWbJZCcFUp
ZwjMXtKzmM agXcjeSYad
eQEoBmpOWw WziVMpBhtM
4
4
eQEoBmpOWw WziVMpBhtM
19
eQEoBmpOWw WziVMpBhtM
eQEoBmpOWw WziVMpBhtM
eQEoBmpOWw WziVMpBhtM
TCEdfTvwme ndKutdCcaD
TCEdfTvwme ndKutdCcaD
TCEdfTvwme ndKutdCcaD
TCEdfTvwme ndKutdCcaD
4
VWVAMXvIxx SbScnPkETW
VWVAMXvIxx SbScnPkETW
4
VWVAMXvIxx SbScnPkETW
VWVAMXvIxx SbScnPkETW
kFdJeWxwxg ftBldlXoqG
kFdJeWxwxg ftBldlXoqG
kFdJeWxwxg ftBldlXoqG
4
mEHRHLRrLb jIwmUfLQjb
XEFuUdmbzU WBHlFcYngW
shWHpHuZvG cTXDrvglTT
tfrfbeMfdr pjCloLazOH
1
4
4
18
TFBRzQMNhD zcOzVAWamr
hbNUGiSIJw RGtKtpdrTy
4
hbNUGiSIJw RGtKtpdrTy
1
BsHZjXzrbw UIRgeRNqNu
BsHZjXzrbw UIRgeRNqNu
LXMfWEqSSf DojDUJqshj
SpiEmdehNQ EzbpYfVOKX
SpiEmdehNQ EzbpYfVOKX
SpiEmdehNQ EzbpYfVOKX
SpiEmdehNQ EzbpYfVOKX
SpiEmdehNQ EzbpYfVOKX
SpiEmdehNQ EzbpYfVOKX
9
4
SpiEmdehNQ EzbpYfVOKX
SpiEmdehNQ EzbpYfVOKX
1
cQoojACPeK anPMaNXmpO
hbNUGiSIJw RGtKtpdrTy
hbNUGiSIJw RGtKtpdrTy
hbNUGiSIJw RGtKtpdrTy
nYYMrLBYnQ DiBrXUcpZF
1
WBhRjwEvYQ LDoIyuvHMf
1
2
10
HxABnzCnAM TJDIygyNAc
HxABnzCnAM TJDIygyNAc
iLjsDQllIG aocPniqDaz
iLjsDQllIG aocPniqDaz
jHZIsGOClD hXJmBEZwoy
jHZIsGOClD hXJmBEZwoy
4
nYYMrLBYnQ DiBrXUcpZF
1
DfRjuDMDxH tYNxZFUxNr
VIFOfrpFgG LtAEbTUhJh
VIFOfrpFgG LtAEbTUhJh
2
VaLFpRZdSa rkldVeEADV
nYYMrLBYnQ DiBrXUcpZF
1
ApbijlxrUK hZdBrggevt
2
4
1
10
MNHMBABQAT KRDsxsVNzr
YbNHjIQtOp ROlwGUQmCl
19
kUAHRFVOFh UmgjJzzwMz
lzDSAvhEdz fPmKYAzzTh
pGvVoJGwfp MuVLwyBtZX
rRtVbaEJUX UWnRSpCtdG
rRtVbaEJUX UWnRSpCtdG
aGxQIklHgS WSoaeAgbZQ
1
OZgkLrCePr FiLhznDSzD
OZgkLrCePr FiLhznDSzD
sNnFJfuqtm DcgItnzwhO
tqFZLFGeQI FNYrfiCaMq
trRWPbpVaV pSbwFOejut
trRWPbpVaV pSbwFOejut
jySevxQqLj mrSyLiuNbg
ZsvZRZaIpB cqoDqkdakr
ulUVVEquSb EMvyATbezK
ZsvZRZaIpB cqoDqkdakr
4
wrzoEazgDn RZiaKchlkB
bbcrIRucYV nsqdkeNQJd
bbcrIRucYV nsqdkeNQJd
xTgeWGrcBX PDssMygZJI
tKRBJFhJzj wJrJUHjmZA
ThSsLGeegm fMLDujvCPR
4
ThSsLGeegm fMLDujvCPR
ThSsLGeegm fMLDujvCPR
ThSsLGeegm fMLDujvCPR
ThSsLGeegm fMLDujvCPR
ThSsLGeegm fMLDujvCPR
3
1
DuqfMFYvum zufGoAJOKc
5
DuqfMFYvum zufGoAJOKc
5
1
MNyCdxwxLF lTnZnmzwUh
MNyCdxwxLF lTnZnmzwUh
3
WtjGgclirw mFlIHCUenE
ZpiuAAwLIM eJWmMyQUck
1
RuTKCWxgMB PMaAWxRSaY
RuTKCWxgMB PMaAWxRSaY
3
RuTKCWxgMB PMaAWxRSaY
WvVMyTQxRo ZBlRZLvDzc
3
WvVMyTQxRo ZBlRZLvDzc
1
SlCARkbjoL SSBmENRhGu
1
RLWqLtLNyx tXvjFGWaee
SlCARkbjoL SSBmENRhGu
SlCARkbjoL SSBmENRhGu
1
3
BFVeDkYLvJ rJKSrKvGZd
HkgUOozezY OfqHfeJvQf
1
BTsGgxLyci BzBKtpMbgQ
kuzXJWGIWZ GNXrNcMPPJ
kuzXJWGIWZ GNXrNcMPPJ
5
3
TFBRzQMNhD zcOzVAWamr
TFBRzQMNhD zcOzVAWamr
hqJmTlYOyQ WffFAthgDv
5
1
QOHbnnTCOj zwuFkEgUSW
YHFivSszQA WMGwDivahG
6
YHFivSszQA WMGwDivahG
tawnHRFpFe yoZSaaHstJ
tawnHRFpFe yoZSaaHstJ
3
tawnHRFpFe yoZSaaHstJ
1
YZeZHvsgVB ZqosHOoIZq
1
cgHWqIvmpD ohCeUrLvSD
cgHWqIvmpD ohCeUrLvSD
cgHWqIvmpD ohCeUrLvSD
xoEHpjvlij zNCBWGqBcf
1
JSGEZYCKNW rzdysqFKwG
JSGEZYCKNW rzdysqFKwG
WwHNooOrol HhMbLKeqzn
WwHNooOrol HhMbLKeqzn
ocWNAbxEiT qgXyLjtzgV
yEUtBPOYlt NvsahiCeIw
-1
-1
-1
-1
-1
-1
-1
-1
-1
-1
-1
1
ZGoRnOQKFu exYGwOqUSh
ZGoRnOQKFu exYGwOqUSh
ZGoRnOQKFu exYGwOqUSh
2
ZGoRnOQKFu exYGwOqUSh
1
qPJVmkhRMQ zWfcKQglZH
zVhOntOyEC kvxDyLRkKp
-1
-1
1
Hsebqjpwil YjGvBPJnyg
-1
-1
-1
-1
1
pFqDuegOyX RTwMzGjWQn
pFqDuegOyX RTwMzGjWQn
1
CAsbUwMBND NmbsQpDNum
CAsbUwMBND NmbsQpDNum
1
1
BcYyHbJrnq kELwxZNeHs
eMvHVNMhmP yltqqvbYXg
eMvHVNMhmP yltqqvbYXg
1
ZfWrRfYEZi PIXMYCToMw
ZfWrRfYEZi PIXMYCToMw
ZfWrRfYEZi PIXMYCToMw
eMvHVNMhmP yltqqvbYXg
3
eMvHVNMhmP yltqqvbYXg
eMvHVNMhmP yltqqvbYXg
eMvHVNMhmP yltqqvbYXg
eMvHVNMhmP yltqqvbYXg
pFqDuegOyX RTwMzGjWQn
xFToVYpoJK tDEJagthiJ
-1
-1
1
yzUTcOXnDj DyTKKKQMQj
yzUTcOXnDj DyTKKKQMQj
-1
1
LcHxwfLPpR aObmJTZWTD
LcHxwfLPpR aObmJTZWTD
-1
-1
-1
-1
-1
-1
1
HzqReXrOuf bNaWEgmKDD
-1
1
2
OeTUTsTbsO GaxWXpFYTw
1
ZeoIedPhRT PGTxOlmync
3
ZeoIedPhRT PGTxOlmync
ZeoIedPhRT PGTxOlmync
3
jRrnyqRRcB lkpdwTYlSo
1
VJuxfLCtlL lUMlfpDSfZ
vYZweqXexT qSTwotdosQ
ybbKnnsGbr cLnUlWHJnz
-1
-1
-1
-1
-1
-1
1
2
3
YkNGTgAPHz kJaVpHHAXa
gxrHoTSYWW VVnFZuVsZP
igZJeEAVme AffWbFNioI
igZJeEAVme AffWbFNioI
-1
-1
-1
-1
1
eMhPjCNOKF mmlyKwnStM
-1
-1
1
oLIDQihNAZ AQizAcYEJW
2
oLIDQihNAZ AQizAcYEJW
oLIDQihNAZ AQizAcYEJW
1
1
1
6
3
EDHnRWtRiQ lQJQvkbZVs
EDHnRWtRiQ lQJQvkbZVs
EDHnRWtRiQ lQJQvkbZVs
3
RqeIwTLDwB xzaItMFqtg
RqeIwTLDwB xzaItMFqtg
TzFKyGsohK zkKMdhkFkM
3
1
1
OtqtJATGNO XZXlSYYzQx
OtqtJATGNO XZXlSYYzQx
1
5
11
OlfUAidvit iWkvCdNmtj
5
1
XvXdDrKgvv pSKoimLVdj
XvXdDrKgvv pSKoimLVdj
XvXdDrKgvv pSKoimLVdj
XvXdDrKgvv pSKoimLVdj
bDZbxdDhAp TZSphOtdZF
iUgGbEUTSQ nNRcdzjBDv
5
12
iUgGbEUTSQ nNRcdzjBDv
iUgGbEUTSQ nNRcdzjBDv
jaErylaBWV QAdZjDERmX
WKnKPnrrjq Ispzzkhpzn
WKnKPnrrjq Ispzzkhpzn
nugdSJZALs UvRZEbmjws
nugdSJZALs UvRZEbmjws
nugdSJZALs UvRZEbmjws
1
DgmaDGgReu MMfqYNVtbt
DgmaDGgReu MMfqYNVtbt
DgmaDGgReu MMfqYNVtbt
DgmaDGgReu MMfqYNVtbt
OtqtJATGNO XZXlSYYzQx
1
CyydbvEBQK QliZZNtcWF
2
CyydbvEBQK QliZZNtcWF
WKnKPnrrjq Ispzzkhpzn
1
9
DKfrTAMhMR bmooBgeADs
DKfrTAMhMR bmooBgeADs
PzlMpdGKRr ZaTRMsFcgm
2
1
NkCAhukEzB fAvdAPHnWg
NkCAhukEzB fAvdAPHnWg
NkCAhukEzB fAvdAPHnWg
oDlwQuXAbo SZOyTGeUWJ
oDlwQuXAbo SZOyTGeUWJ
oIkbXrOsIT XZwTgFJzvT
oIkbXrOsIT XZwTgFJzvT
qxYhYpKytV LoiMcSpyov
qxYhYpKytV LoiMcSpyov
oLIDQihNAZ AQizAcYEJW
RupInvWFdb DriXgeceGr
RupInvWFdb DriXgeceGr
RupInvWFdb DriXgeceGr
RupInvWFdb DriXgeceGr
2
RupInvWFdb DriXgeceGr
RupInvWFdb DriXgeceGr
RupInvWFdb DriXgeceGr
aTfBNJsWRA cSTGDjluOL
1
3
EXrYmCtPtB DqahvfGrCJ
EXrYmCtPtB DqahvfGrCJ
baIwqkSDro cYJjadlDne
baIwqkSDro cYJjadlDne
unZrkftShO FPlNnNcjkb
-1
1
2
GZwFlgtnGb hdABfmKZFq
3
GZwFlgtnGb hdABfmKZFq
ltBqOnnvPq xArcrQJjgr
1
2
CTOaYIUCfs JQkVaJQnbx
1
BRqdUYZACz CNAuIXjLly
BRqdUYZACz CNAuIXjLly
BRqdUYZACz CNAuIXjLly
CTOaYIUCfs JQkVaJQnbx
1
1
EwXKguNeEC vpsQZGdQlN
jktRtewMEr VCjgHfogEW
ltBqOnnvPq xArcrQJjgr
1
lVIJBPSyTK ImYADsHKOq
-1
-1
1
TVlGYKkKoB mRQISUHYAK
TVlGYKkKoB mRQISUHYAK
TVlGYKkKoB mRQISUHYAK
TVlGYKkKoB mRQISUHYAK
TVlGYKkKoB mRQISUHYAK
2
TVlGYKkKoB mRQISUHYAK
huJKEpifPQ cHEXcAAjze
1
fiQVIJMySs hGRgHoBLXt
1
NypalALMZp KHvQGpwmmP
NypalALMZp KHvQGpwmmP
3
NypalALMZp KHvQGpwmmP
NypalALMZp KHvQGpwmmP
1
GszEQjZgkL WUvjVhrftR
GszEQjZgkL WUvjVhrftR
1
CMqqKCDMyv foIRjVdpvj
3
NypalALMZp KHvQGpwmmP
VsyfWYatZK HxEuoYUogS
njoCAyUhuF QQKlVnvlHi
-1
-1
-1
-1
-1
-1
-1
-1
-1
-1
1
AbJVOJCXEz iwDtYpsaSk
-1
-1
-1
-1
-1
1
vAHEDFNVKJ DysYWYPpbZ
vAHEDFNVKJ DysYWYPpbZ
vAHEDFNVKJ DysYWYPpbZ
-1
-1
-1
-1
-1
1
htSxhpXduF AtbEusKQve
1
XaNQKgqymG yEzWyPDYgq
htSxhpXduF AtbEusKQve
1
XuPPCEghFo YlttTDQMSh
1
1
WgkdekCMvJ EmHMLwQhpC
1
MzRpNqktIg HIqkOHwWMf
WgkdekCMvJ EmHMLwQhpC
1
MbeMciWSwl jqtJqdukBh
3
MbeMciWSwl jqtJqdukBh
MbeMciWSwl jqtJqdukBh
MbeMciWSwl jqtJqdukBh
MbeMciWSwl jqtJqdukBh
MbeMciWSwl jqtJqdukBh
MbeMciWSwl jqtJqdukBh
4
MbeMciWSwl jqtJqdukBh
MbeMciWSwl jqtJqdukBh
2
MbeMciWSwl jqtJqdukBh
6
3
MbeMciWSwl jqtJqdukBh
7
2
RQiKfHUUQy tRCkARAzQU
RQiKfHUUQy tRCkARAzQU
RQiKfHUUQy tRCkARAzQU
1
DIFsiEdVGR ihMutOZLwo
9
10
11
VtUGDolPDr ARZOftzYSf
VtUGDolPDr ARZOftzYSf
YmrvwlhhVD eJfOyzuMvV
5
YmrvwlhhVD eJfOyzuMvV
11
apBtCCsjqm LIOfurOACj
apBtCCsjqm LIOfurOACj
gWRGoUpgZb RTSyAOzzVz
1
1
IKYuvIIyRh jbBLOhGRHF
RQiKfHUUQy tRCkARAzQU
5
3
RQiKfHUUQy tRCkARAzQU
1
PFFrrYdRzw zdCvnMVIsJ
ZwGtbAkeCR zmNGtXiNeT
ZwGtbAkeCR zmNGtXiNeT
ZwGtbAkeCR zmNGtXiNeT
ZwGtbAkeCR zmNGtXiNeT
gWRGoUpgZb RTSyAOzzVz
10
kAxEMXgEBG VpmAhFozxI
5
5
qArAYPovCh GBsTszXCmW
QTFzIpHfJC UCiOxKTttY
10
11
TJyCsxQWtt zPJFcjcrcS
11
SgoSCmJVjM TyBMzDSUJq
